# JRE version: OpenJDK Runtime Environment (11.0.10) (build 11.0.10+0-b96-7249189)
# Java VM: OpenJDK 64-Bit Server VM (11.0.10+0-b96-7249189, mixed mode, tiered, compressed oops, g1 gc, windows-amd64)
Heap:
 garbage-first heap   total 187392K, used 68096K [0x0000000086a00000, 0x0000000100000000)
  region size 1024K, 6 young (6144K), 6 survivors (6144K)
 Metaspace       used 61027K, capacity 61706K, committed 61820K, reserved 1103872K
  class space    used 6519K, capacity 6759K, committed 6784K, reserved 1048576K
GC Heap History (17 events):
Event: 0.752 GC heap before
{Heap before GC invocations=0 (full 0):
 garbage-first heap   total 124928K, used 17408K [0x0000000086a00000, 0x0000000100000000)
  region size 1024K, 14 young (14336K), 0 survivors (0K)
 Metaspace       used 9766K, capacity 9871K, committed 10112K, reserved 1058816K
  class space    used 828K, capacity 884K, committed 896K, reserved 1048576K
}
Event: 0.756 GC heap after
{Heap after GC invocations=1 (full 0):
 garbage-first heap   total 124928K, used 5212K [0x0000000086a00000, 0x0000000100000000)
  region size 1024K, 2 young (2048K), 2 survivors (2048K)
 Metaspace       used 9766K, capacity 9871K, committed 10112K, reserved 1058816K
  class space    used 828K, capacity 884K, committed 896K, reserved 1048576K
}
Event: 2.129 GC heap before
{Heap before GC invocations=1 (full 0):
 garbage-first heap   total 124928K, used 51292K [0x0000000086a00000, 0x0000000100000000)
  region size 1024K, 48 young (49152K), 2 survivors (2048K)
 Metaspace       used 20915K, capacity 21102K, committed 21248K, reserved 1069056K
  class space    used 2219K, capacity 2286K, committed 2304K, reserved 1048576K
}
Event: 2.148 GC heap after
{Heap after GC invocations=2 (full 0):
 garbage-first heap   total 124928K, used 9412K [0x0000000086a00000, 0x0000000100000000)
  region size 1024K, 7 young (7168K), 7 survivors (7168K)
 Metaspace       used 20915K, capacity 21102K, committed 21248K, reserved 1069056K
  class space    used 2219K, capacity 2286K, committed 2304K, reserved 1048576K
}
Event: 4.055 GC heap before
{Heap before GC invocations=3 (full 0):
 garbage-first heap   total 124928K, used 70852K [0x0000000086a00000, 0x0000000100000000)
  region size 1024K, 55 young (56320K), 7 survivors (7168K)
 Metaspace       used 30894K, capacity 31376K, committed 31484K, reserved 1077248K
  class space    used 3644K, capacity 3825K, committed 3840K, reserved 1048576K
}
Event: 4.096 GC heap after
{Heap after GC invocations=4 (full 0):
 garbage-first heap   total 124928K, used 23490K [0x0000000086a00000, 0x0000000100000000)
  region size 1024K, 6 young (6144K), 6 survivors (6144K)
 Metaspace       used 30894K, capacity 31376K, committed 31484K, reserved 1077248K
  class space    used 3644K, capacity 3825K, committed 3840K, reserved 1048576K
}
Event: 6.554 GC heap before
{Heap before GC invocations=5 (full 0):
 garbage-first heap   total 124928K, used 88002K [0x0000000086a00000, 0x0000000100000000)
  region size 1024K, 69 young (70656K), 6 survivors (6144K)
 Metaspace       used 44171K, capacity 44629K, committed 44796K, reserved 1089536K
  class space    used 5160K, capacity 5352K, committed 5376K, reserved 1048576K
}
Event: 6.594 GC heap after
{Heap after GC invocations=6 (full 0):
 garbage-first heap   total 124928K, used 27885K [0x0000000086a00000, 0x0000000100000000)
  region size 1024K, 7 young (7168K), 7 survivors (7168K)
 Metaspace       used 44171K, capacity 44629K, committed 44796K, reserved 1089536K
  class space    used 5160K, capacity 5352K, committed 5376K, reserved 1048576K
}
Event: 8.868 GC heap before
{Heap before GC invocations=6 (full 0):
 garbage-first heap   total 124928K, used 90349K [0x0000000086a00000, 0x0000000100000000)
  region size 1024K, 65 young (66560K), 7 survivors (7168K)
 Metaspace       used 51277K, capacity 51825K, committed 51964K, reserved 1095680K
  class space    used 5886K, capacity 6094K, committed 6144K, reserved 1048576K
}
Event: 8.912 GC heap after
{Heap after GC invocations=7 (full 0):
 garbage-first heap   total 153600K, used 38394K [0x0000000086a00000, 0x0000000100000000)
  region size 1024K, 8 young (8192K), 8 survivors (8192K)
 Metaspace       used 51277K, capacity 51825K, committed 51964K, reserved 1095680K
  class space    used 5886K, capacity 6094K, committed 6144K, reserved 1048576K
}
Event: 10.210 GC heap before
{Heap before GC invocations=7 (full 0):
 garbage-first heap   total 153600K, used 65018K [0x0000000086a00000, 0x0000000100000000)
  region size 1024K, 35 young (35840K), 8 survivors (8192K)
 Metaspace       used 52468K, capacity 52979K, committed 53116K, reserved 1095680K
  class space    used 5950K, capacity 6146K, committed 6272K, reserved 1048576K
}
Event: 10.249 GC heap after
{Heap after GC invocations=8 (full 0):
 garbage-first heap   total 153600K, used 42796K [0x0000000086a00000, 0x0000000100000000)
  region size 1024K, 5 young (5120K), 5 survivors (5120K)
 Metaspace       used 52468K, capacity 52979K, committed 53116K, reserved 1095680K
  class space    used 5950K, capacity 6146K, committed 6272K, reserved 1048576K
}
Event: 13.147 GC heap before
{Heap before GC invocations=9 (full 0):
 garbage-first heap   total 153600K, used 106284K [0x0000000086a00000, 0x0000000100000000)
  region size 1024K, 67 young (68608K), 5 survivors (5120K)
 Metaspace       used 55350K, capacity 55971K, committed 56188K, reserved 1099776K
  class space    used 6181K, capacity 6416K, committed 6528K, reserved 1048576K
}
Event: 13.194 GC heap after
{Heap after GC invocations=10 (full 0):
 garbage-first heap   total 153600K, used 52660K [0x0000000086a00000, 0x0000000100000000)
  region size 1024K, 9 young (9216K), 9 survivors (9216K)
 Metaspace       used 55350K, capacity 55971K, committed 56188K, reserved 1099776K
  class space    used 6181K, capacity 6416K, committed 6528K, reserved 1048576K
}
Event: 17.216 GC heap before
{Heap before GC invocations=10 (full 0):
 garbage-first heap   total 153600K, used 111028K [0x0000000086a00000, 0x0000000100000000)
  region size 1024K, 66 young (67584K), 9 survivors (9216K)
 Metaspace       used 59652K, capacity 60334K, committed 60540K, reserved 1103872K
  class space    used 6455K, capacity 6711K, committed 6784K, reserved 1048576K
}
Event: 17.272 GC heap after
{Heap after GC invocations=11 (full 0):
 garbage-first heap   total 153600K, used 59392K [0x0000000086a00000, 0x0000000100000000)
  region size 1024K, 6 young (6144K), 6 survivors (6144K)
 Metaspace       used 59652K, capacity 60334K, committed 60540K, reserved 1103872K
  class space    used 6455K, capacity 6711K, committed 6784K, reserved 1048576K
}
Event: 21.042 GC heap before
{Heap before GC invocations=11 (full 0):
 garbage-first heap   total 153600K, used 118784K [0x0000000086a00000, 0x0000000100000000)
  region size 1024K, 61 young (62464K), 6 survivors (6144K)
 Metaspace       used 61027K, capacity 61706K, committed 61820K, reserved 1103872K
  class space    used 6519K, capacity 6759K, committed 6784K, reserved 1048576K
}

