# JRE version: OpenJDK Runtime Environment (11.0.10) (build 11.0.10+0-b96-7249189)
# Java VM: OpenJDK 64-Bit Server VM (11.0.10+0-b96-7249189, mixed mode, tiered, compressed oops, g1 gc, windows-amd64)
Heap:
 garbage-first heap   total 413696K, used 286407K [0x00000000e0000000, 0x0000000100000000)
  region size 1024K, 25 young (25600K), 8 survivors (8192K)
 Metaspace       used 183387K, capacity 188666K, committed 188792K, reserved 419840K
  class space    used 22362K, capacity 24251K, committed 24268K, reserved 253952K
GC Heap History (20 events):
Event: 551.310 GC heap before
{Heap before GC invocations=411 (full 0):
 garbage-first heap   total 405504K, used 350842K [0x00000000e0000000, 0x0000000100000000)
  region size 1024K, 59 young (60416K), 8 survivors (8192K)
 Metaspace       used 183358K, capacity 188660K, committed 188792K, reserved 419840K
  class space    used 22361K, capacity 24250K, committed 24268K, reserved 253952K
}
Event: 551.340 GC heap after
{Heap after GC invocations=412 (full 0):
 garbage-first heap   total 405504K, used 302628K [0x00000000e0000000, 0x0000000100000000)
  region size 1024K, 6 young (6144K), 6 survivors (6144K)
 Metaspace       used 183358K, capacity 188660K, committed 188792K, reserved 419840K
  class space    used 22361K, capacity 24250K, committed 24268K, reserved 253952K
}
Event: 551.726 GC heap before
{Heap before GC invocations=412 (full 0):
 garbage-first heap   total 405504K, used 346660K [0x00000000e0000000, 0x0000000100000000)
  region size 1024K, 53 young (54272K), 6 survivors (6144K)
 Metaspace       used 183362K, capacity 188661K, committed 188792K, reserved 419840K
  class space    used 22361K, capacity 24250K, committed 24268K, reserved 253952K
}
Event: 551.753 GC heap after
{Heap after GC invocations=413 (full 0):
 garbage-first heap   total 405504K, used 304840K [0x00000000e0000000, 0x0000000100000000)
  region size 1024K, 6 young (6144K), 6 survivors (6144K)
 Metaspace       used 183362K, capacity 188661K, committed 188792K, reserved 419840K
  class space    used 22361K, capacity 24250K, committed 24268K, reserved 253952K
}
Event: 552.253 GC heap before
{Heap before GC invocations=413 (full 0):
 garbage-first heap   total 405504K, used 350920K [0x00000000e0000000, 0x0000000100000000)
  region size 1024K, 51 young (52224K), 6 survivors (6144K)
 Metaspace       used 183374K, capacity 188663K, committed 188792K, reserved 419840K
  class space    used 22361K, capacity 24250K, committed 24268K, reserved 253952K
}
Event: 552.279 GC heap after
{Heap after GC invocations=414 (full 0):
 garbage-first heap   total 413696K, used 307437K [0x00000000e0000000, 0x0000000100000000)
  region size 1024K, 3 young (3072K), 3 survivors (3072K)
 Metaspace       used 183374K, capacity 188663K, committed 188792K, reserved 419840K
  class space    used 22361K, capacity 24250K, committed 24268K, reserved 253952K
}
Event: 552.632 GC heap before
{Heap before GC invocations=415 (full 0):
 garbage-first heap   total 413696K, used 356589K [0x00000000e0000000, 0x0000000100000000)
  region size 1024K, 51 young (52224K), 3 survivors (3072K)
 Metaspace       used 183376K, capacity 188666K, committed 188792K, reserved 419840K
  class space    used 22362K, capacity 24251K, committed 24268K, reserved 253952K
}
Event: 552.649 GC heap after
{Heap after GC invocations=416 (full 0):
 garbage-first heap   total 413696K, used 308483K [0x00000000e0000000, 0x0000000100000000)
  region size 1024K, 4 young (4096K), 4 survivors (4096K)
 Metaspace       used 183376K, capacity 188666K, committed 188792K, reserved 419840K
  class space    used 22362K, capacity 24251K, committed 24268K, reserved 253952K
}
Event: 552.712 GC heap before
{Heap before GC invocations=416 (full 0):
 garbage-first heap   total 413696K, used 324867K [0x00000000e0000000, 0x0000000100000000)
  region size 1024K, 20 young (20480K), 4 survivors (4096K)
 Metaspace       used 183376K, capacity 188666K, committed 188792K, reserved 419840K
  class space    used 22362K, capacity 24251K, committed 24268K, reserved 253952K
}
Event: 552.736 GC heap after
{Heap after GC invocations=417 (full 0):
 garbage-first heap   total 413696K, used 272911K [0x00000000e0000000, 0x0000000100000000)
  region size 1024K, 1 young (1024K), 1 survivors (1024K)
 Metaspace       used 183376K, capacity 188666K, committed 188792K, reserved 419840K
  class space    used 22362K, capacity 24251K, committed 24268K, reserved 253952K
}
Event: 552.808 GC heap before
{Heap before GC invocations=417 (full 0):
 garbage-first heap   total 413696K, used 292367K [0x00000000e0000000, 0x0000000100000000)
  region size 1024K, 20 young (20480K), 1 survivors (1024K)
 Metaspace       used 183376K, capacity 188666K, committed 188792K, reserved 419840K
  class space    used 22362K, capacity 24251K, committed 24268K, reserved 253952K
}
Event: 552.830 GC heap after
{Heap after GC invocations=418 (full 0):
 garbage-first heap   total 413696K, used 262423K [0x00000000e0000000, 0x0000000100000000)
  region size 1024K, 1 young (1024K), 1 survivors (1024K)
 Metaspace       used 183376K, capacity 188666K, committed 188792K, reserved 419840K
  class space    used 22362K, capacity 24251K, committed 24268K, reserved 253952K
}
Event: 553.085 GC heap before
{Heap before GC invocations=418 (full 0):
 garbage-first heap   total 413696K, used 335127K [0x00000000e0000000, 0x0000000100000000)
  region size 1024K, 72 young (73728K), 1 survivors (1024K)
 Metaspace       used 183379K, capacity 188666K, committed 188792K, reserved 419840K
  class space    used 22362K, capacity 24251K, committed 24268K, reserved 253952K
}
Event: 553.099 GC heap after
{Heap after GC invocations=419 (full 0):
 garbage-first heap   total 413696K, used 265012K [0x00000000e0000000, 0x0000000100000000)
  region size 1024K, 4 young (4096K), 4 survivors (4096K)
 Metaspace       used 183379K, capacity 188666K, committed 188792K, reserved 419840K
  class space    used 22362K, capacity 24251K, committed 24268K, reserved 253952K
}
Event: 553.369 GC heap before
{Heap before GC invocations=419 (full 0):
 garbage-first heap   total 413696K, used 338740K [0x00000000e0000000, 0x0000000100000000)
  region size 1024K, 76 young (77824K), 4 survivors (4096K)
 Metaspace       used 183381K, capacity 188666K, committed 188792K, reserved 419840K
  class space    used 22362K, capacity 24251K, committed 24268K, reserved 253952K
}
Event: 553.383 GC heap after
{Heap after GC invocations=420 (full 0):
 garbage-first heap   total 413696K, used 266548K [0x00000000e0000000, 0x0000000100000000)
  region size 1024K, 5 young (5120K), 5 survivors (5120K)
 Metaspace       used 183381K, capacity 188666K, committed 188792K, reserved 419840K
  class space    used 22362K, capacity 24251K, committed 24268K, reserved 253952K
}
Event: 553.798 GC heap before
{Heap before GC invocations=420 (full 0):
 garbage-first heap   total 413696K, used 343348K [0x00000000e0000000, 0x0000000100000000)
  region size 1024K, 79 young (80896K), 5 survivors (5120K)
 Metaspace       used 183386K, capacity 188666K, committed 188792K, reserved 419840K
  class space    used 22362K, capacity 24251K, committed 24268K, reserved 253952K
}
Event: 553.815 GC heap after
{Heap after GC invocations=421 (full 0):
 garbage-first heap   total 413696K, used 267572K [0x00000000e0000000, 0x0000000100000000)
  region size 1024K, 6 young (6144K), 6 survivors (6144K)
 Metaspace       used 183386K, capacity 188666K, committed 188792K, reserved 419840K
  class space    used 22362K, capacity 24251K, committed 24268K, reserved 253952K
}
Event: 554.466 GC heap before
{Heap before GC invocations=421 (full 0):
 garbage-first heap   total 413696K, used 345396K [0x00000000e0000000, 0x0000000100000000)
  region size 1024K, 82 young (83968K), 6 survivors (6144K)
 Metaspace       used 183386K, capacity 188666K, committed 188792K, reserved 419840K
  class space    used 22362K, capacity 24251K, committed 24268K, reserved 253952K
}
Event: 554.488 GC heap after
{Heap after GC invocations=422 (full 0):
 garbage-first heap   total 413696K, used 270023K [0x00000000e0000000, 0x0000000100000000)
  region size 1024K, 8 young (8192K), 8 survivors (8192K)
 Metaspace       used 183386K, capacity 188666K, committed 188792K, reserved 419840K
  class space    used 22362K, capacity 24251K, committed 24268K, reserved 253952K
}

