# JRE version: OpenJDK Runtime Environment (11.0.10) (build 11.0.10+0-b96-7249189)
# Java VM: OpenJDK 64-Bit Server VM (11.0.10+0-b96-7249189, mixed mode, tiered, compressed oops, g1 gc, windows-amd64)
Heap:
 garbage-first heap   total 262144K, used 163465K [0x00000000e0000000, 0x0000000100000000)
  region size 1024K, 13 young (13312K), 6 survivors (6144K)
 Metaspace       used 90731K, capacity 94122K, committed 94412K, reserved 335872K
  class space    used 11718K, capacity 12967K, committed 13056K, reserved 253952K
GC Heap History (20 events):
Event: 73.703 GC heap before
{Heap before GC invocations=17 (full 0):
 garbage-first heap   total 262144K, used 178412K [0x00000000e0000000, 0x0000000100000000)
  region size 1024K, 106 young (108544K), 13 survivors (13312K)
 Metaspace       used 81432K, capacity 84633K, committed 84812K, reserved 327680K
  class space    used 10699K, capacity 11818K, committed 11904K, reserved 253952K
}
Event: 73.755 GC heap after
{Heap after GC invocations=18 (full 0):
 garbage-first heap   total 262144K, used 96256K [0x00000000e0000000, 0x0000000100000000)
  region size 1024K, 12 young (12288K), 12 survivors (12288K)
 Metaspace       used 81432K, capacity 84633K, committed 84812K, reserved 327680K
  class space    used 10699K, capacity 11818K, committed 11904K, reserved 253952K
}
Event: 76.267 GC heap before
{Heap before GC invocations=18 (full 0):
 garbage-first heap   total 262144K, used 187392K [0x00000000e0000000, 0x0000000100000000)
  region size 1024K, 101 young (103424K), 12 survivors (12288K)
 Metaspace       used 87099K, capacity 90434K, committed 90700K, reserved 333824K
  class space    used 11351K, capacity 12558K, committed 12672K, reserved 253952K
}
Event: 76.329 GC heap after
{Heap after GC invocations=19 (full 0):
 garbage-first heap   total 262144K, used 105391K [0x00000000e0000000, 0x0000000100000000)
  region size 1024K, 10 young (10240K), 10 survivors (10240K)
 Metaspace       used 87099K, capacity 90434K, committed 90700K, reserved 333824K
  class space    used 11351K, capacity 12558K, committed 12672K, reserved 253952K
}
Event: 78.772 GC heap before
{Heap before GC invocations=19 (full 0):
 garbage-first heap   total 262144K, used 192431K [0x00000000e0000000, 0x0000000100000000)
  region size 1024K, 96 young (98304K), 10 survivors (10240K)
 Metaspace       used 87746K, capacity 91082K, committed 91212K, reserved 333824K
  class space    used 11355K, capacity 12562K, committed 12672K, reserved 253952K
}
Event: 78.808 GC heap after
{Heap after GC invocations=20 (full 0):
 garbage-first heap   total 262144K, used 111607K [0x00000000e0000000, 0x0000000100000000)
  region size 1024K, 6 young (6144K), 6 survivors (6144K)
 Metaspace       used 87746K, capacity 91082K, committed 91212K, reserved 333824K
  class space    used 11355K, capacity 12562K, committed 12672K, reserved 253952K
}
Event: 80.617 GC heap before
{Heap before GC invocations=20 (full 0):
 garbage-first heap   total 262144K, used 162807K [0x00000000e0000000, 0x0000000100000000)
  region size 1024K, 46 young (47104K), 6 survivors (6144K)
 Metaspace       used 90546K, capacity 94000K, committed 94156K, reserved 335872K
  class space    used 11701K, capacity 12953K, committed 13056K, reserved 253952K
}
Event: 80.643 GC heap after
{Heap after GC invocations=21 (full 0):
 garbage-first heap   total 262144K, used 127946K [0x00000000e0000000, 0x0000000100000000)
  region size 1024K, 10 young (10240K), 10 survivors (10240K)
 Metaspace       used 90546K, capacity 94000K, committed 94156K, reserved 335872K
  class space    used 11701K, capacity 12953K, committed 13056K, reserved 253952K
}
Event: 82.381 GC heap before
{Heap before GC invocations=22 (full 0):
 garbage-first heap   total 262144K, used 200650K [0x00000000e0000000, 0x0000000100000000)
  region size 1024K, 80 young (81920K), 10 survivors (10240K)
 Metaspace       used 90521K, capacity 93926K, committed 94156K, reserved 335872K
  class space    used 11687K, capacity 12926K, committed 13056K, reserved 253952K
}
Event: 82.431 GC heap after
{Heap after GC invocations=23 (full 0):
 garbage-first heap   total 262144K, used 128576K [0x00000000e0000000, 0x0000000100000000)
  region size 1024K, 10 young (10240K), 10 survivors (10240K)
 Metaspace       used 90521K, capacity 93926K, committed 94156K, reserved 335872K
  class space    used 11687K, capacity 12926K, committed 13056K, reserved 253952K
}
Event: 83.309 GC heap before
{Heap before GC invocations=23 (full 0):
 garbage-first heap   total 262144K, used 198208K [0x00000000e0000000, 0x0000000100000000)
  region size 1024K, 78 young (79872K), 10 survivors (10240K)
 Metaspace       used 90521K, capacity 93926K, committed 94156K, reserved 335872K
  class space    used 11687K, capacity 12926K, committed 13056K, reserved 253952K
}
Event: 83.370 GC heap after
{Heap after GC invocations=24 (full 0):
 garbage-first heap   total 262144K, used 134720K [0x00000000e0000000, 0x0000000100000000)
  region size 1024K, 6 young (6144K), 6 survivors (6144K)
 Metaspace       used 90521K, capacity 93926K, committed 94156K, reserved 335872K
  class space    used 11687K, capacity 12926K, committed 13056K, reserved 253952K
}
Event: 84.560 GC heap before
{Heap before GC invocations=25 (full 0):
 garbage-first heap   total 262144K, used 204352K [0x00000000e0000000, 0x0000000100000000)
  region size 1024K, 74 young (75776K), 6 survivors (6144K)
 Metaspace       used 90521K, capacity 93926K, committed 94156K, reserved 335872K
  class space    used 11687K, capacity 12926K, committed 13056K, reserved 253952K
}
Event: 84.588 GC heap after
{Heap after GC invocations=26 (full 0):
 garbage-first heap   total 262144K, used 140533K [0x00000000e0000000, 0x0000000100000000)
  region size 1024K, 6 young (6144K), 6 survivors (6144K)
 Metaspace       used 90521K, capacity 93926K, committed 94156K, reserved 335872K
  class space    used 11687K, capacity 12926K, committed 13056K, reserved 253952K
}
Event: 85.313 GC heap before
{Heap before GC invocations=26 (full 0):
 garbage-first heap   total 262144K, used 209141K [0x00000000e0000000, 0x0000000100000000)
  region size 1024K, 73 young (74752K), 6 survivors (6144K)
 Metaspace       used 90521K, capacity 93926K, committed 94156K, reserved 335872K
  class space    used 11687K, capacity 12926K, committed 13056K, reserved 253952K
}
Event: 85.339 GC heap after
{Heap after GC invocations=27 (full 0):
 garbage-first heap   total 262144K, used 145132K [0x00000000e0000000, 0x0000000100000000)
  region size 1024K, 10 young (10240K), 10 survivors (10240K)
 Metaspace       used 90521K, capacity 93926K, committed 94156K, reserved 335872K
  class space    used 11687K, capacity 12926K, committed 13056K, reserved 253952K
}
Event: 86.406 GC heap before
{Heap before GC invocations=28 (full 0):
 garbage-first heap   total 262144K, used 212716K [0x00000000e0000000, 0x0000000100000000)
  region size 1024K, 76 young (77824K), 10 survivors (10240K)
 Metaspace       used 90519K, capacity 93923K, committed 94156K, reserved 335872K
  class space    used 11686K, capacity 12925K, committed 13056K, reserved 253952K
}
Event: 86.445 GC heap after
{Heap after GC invocations=29 (full 0):
 garbage-first heap   total 262144K, used 149939K [0x00000000e0000000, 0x0000000100000000)
  region size 1024K, 10 young (10240K), 10 survivors (10240K)
 Metaspace       used 90519K, capacity 93923K, committed 94156K, reserved 335872K
  class space    used 11686K, capacity 12925K, committed 13056K, reserved 253952K
}
Event: 86.912 GC heap before
{Heap before GC invocations=29 (full 0):
 garbage-first heap   total 262144K, used 203187K [0x00000000e0000000, 0x0000000100000000)
  region size 1024K, 63 young (64512K), 10 survivors (10240K)
 Metaspace       used 90531K, capacity 93928K, committed 94156K, reserved 335872K
  class space    used 11687K, capacity 12926K, committed 13056K, reserved 253952K
}
Event: 86.950 GC heap after
{Heap after GC invocations=30 (full 0):
 garbage-first heap   total 262144K, used 156297K [0x00000000e0000000, 0x0000000100000000)
  region size 1024K, 6 young (6144K), 6 survivors (6144K)
 Metaspace       used 90531K, capacity 93928K, committed 94156K, reserved 335872K
  class space    used 11687K, capacity 12926K, committed 13056K, reserved 253952K
}

